<?xml version="1.0" encoding="UTF-8"?>
<testsuite xmlns:xsi="http://www.w3.org/2001/XMLSchema-instance" xsi:noNamespaceSchemaLocation="https://maven.apache.org/surefire/maven-surefire-plugin/xsd/surefire-test-report.xsd" name="AClassWithOneUnitTest" time="0.015" tests="2" errors="0" skipped="0" failures="1">
  <properties>
[...]
</properties>
  <testcase name="test_JUit" classname="AClassWithOneUnitTest" time="0.015">
    <failure message="expected: &lt;1&gt; but was: &lt;Test&gt;" type="org.opentest4j.AssertionFailedError"><![CDATA[org.opentest4j.AssertionFailedError: expected: <1> but was: <Test>
	at AClassWithOneUnitTest.test_JUit(Test.java:16)
]]></failure>
  </testcase>
  <testcase name="demoTestMethod" classname="AClassWithOneUnitTest" time="0"/>
</testsuite>