<?xml version="1.0" encoding="UTF-8"?>
<testsuite xmlns:xsi="http://www.w3.org/2001/XMLSchema-instance" xsi:noNamespaceSchemaLocation="https://maven.apache.org/surefire/maven-surefire-plugin/xsd/surefire-test-report.xsd" name="testTest" time="0.01" tests="2" errors="0" skipped="0" failures="2">
  <properties>
[...]
</properties>
  <testcase name="test_JUit" classname="testTest" time="0.007">
    <failure message="expected: &lt;1&gt; but was: &lt;Test&gt;" type="org.opentest4j.AssertionFailedError"><![CDATA[org.opentest4j.AssertionFailedError: expected: <1> but was: <Test>
	at testTest.test_JUit(Test.java:16)
]]></failure>
  </testcase>
  <testcase name="demoTestMethod" classname="testTest" time="0">
    <failure message="expected: &lt;true&gt; but was: &lt;false&gt;" type="org.opentest4j.AssertionFailedError"><![CDATA[org.opentest4j.AssertionFailedError: expected: <true> but was: <false>
	at testTest.demoTestMethod(Test.java:10)
]]></failure>
  </testcase>
</testsuite>