<?xml version="1.0" encoding="UTF-8"?>
<testsuite xmlns:xsi="http://www.w3.org/2001/XMLSchema-instance" xsi:noNamespaceSchemaLocation="https://maven.apache.org/surefire/maven-surefire-plugin/xsd/surefire-test-report.xsd" name="AClassWithOneUnitTest" time="0.006" tests="2" errors="0" skipped="0" failures="0">
  <properties>
[...]
</properties>
  <testcase name="test_JUit" classname="AClassWithOneUnitTest" time="0.002"/>
  <testcase name="demoTestMethod" classname="AClassWithOneUnitTest" time="0"/>
</testsuite>